<?xml version="1.0" encoding="UTF-8"?>
<!-- Generated by org.testng.reporters.JUnitXMLReporter -->
<testsuite hostname="DESKTOP-6IT123O" ignored="0" name="Report" tests="13" failures="0" timestamp="05 Sep 2022 14:59:24 GMT" time="6.587" errors="0">
  <testcase name="@BeforeTest beforeTest" time="6.475" classname="may12.FirstTestNGClass">
    <failure type="org.openqa.selenium.WebDriverException" message="unknown error: net::ERR_INTERNET_DISCONNECTED
  (Session info: chrome=104.0.5112.102)
Build info: version: &amp;apos;3.14.0&amp;apos;, revision: &amp;apos;aacccce0&amp;apos;, time: &amp;apos;2018-08-02T20:13:22.693Z&amp;apos;
System info: host: &amp;apos;DESKTOP-6IT123O&amp;apos;, ip: &amp;apos;127.0.0.1&amp;apos;, os.name: &amp;apos;Windows 10&amp;apos;, os.arch: &amp;apos;amd64&amp;apos;, os.version: &amp;apos;10.0&amp;apos;, java.version: &amp;apos;1.8.0_121&amp;apos;
Driver info: org.openqa.selenium.chrome.ChromeDriver
Capabilities {acceptInsecureCerts: false, browserName: chrome, browserVersion: 104.0.5112.102, chrome: {chromedriverVersion: 104.0.5112.79 (3cf3e8c8a07d..., userDataDir: C:\Users\satish\AppData\Loc...}, goog:chromeOptions: {debuggerAddress: localhost:59289}, javascriptEnabled: true, networkConnectionEnabled: false, pageLoadStrategy: normal, platform: WINDOWS, platformName: WINDOWS, proxy: Proxy(), setWindowRect: true, strictFileInteractability: false, timeouts: {implicit: 0, pageLoad: 300000, script: 30000}, unhandledPromptBehavior: dismiss and notify, webauthn:extension:credBlob: true, webauthn:extension:largeBlob: true, webauthn:virtualAuthenticators: true}
Session ID: 9ee5f8e03206c15ad589fb42256c6321">
      <![CDATA[org.openqa.selenium.WebDriverException: unknown error: net::ERR_INTERNET_DISCONNECTED
  (Session info: chrome=104.0.5112.102)
Build info: version: '3.14.0', revision: 'aacccce0', time: '2018-08-02T20:13:22.693Z'
System info: host: 'DESKTOP-6IT123O', ip: '127.0.0.1', os.name: 'Windows 10', os.arch: 'amd64', os.version: '10.0', java.version: '1.8.0_121'
Driver info: org.openqa.selenium.chrome.ChromeDriver
Capabilities {acceptInsecureCerts: false, browserName: chrome, browserVersion: 104.0.5112.102, chrome: {chromedriverVersion: 104.0.5112.79 (3cf3e8c8a07d..., userDataDir: C:\Users\satish\AppData\Loc...}, goog:chromeOptions: {debuggerAddress: localhost:59289}, javascriptEnabled: true, networkConnectionEnabled: false, pageLoadStrategy: normal, platform: WINDOWS, platformName: WINDOWS, proxy: Proxy(), setWindowRect: true, strictFileInteractability: false, timeouts: {implicit: 0, pageLoad: 300000, script: 30000}, unhandledPromptBehavior: dismiss and notify, webauthn:extension:credBlob: true, webauthn:extension:largeBlob: true, webauthn:virtualAuthenticators: true}
Session ID: 9ee5f8e03206c15ad589fb42256c6321
at org.openqa.selenium.remote.http.W3CHttpResponseCodec.createException(W3CHttpResponseCodec.java:187)
at org.openqa.selenium.remote.http.W3CHttpResponseCodec.decode(W3CHttpResponseCodec.java:122)
at org.openqa.selenium.remote.http.W3CHttpResponseCodec.decode(W3CHttpResponseCodec.java:49)
at org.openqa.selenium.remote.HttpCommandExecutor.execute(HttpCommandExecutor.java:158)
at org.openqa.selenium.remote.service.DriverCommandExecutor.execute(DriverCommandExecutor.java:83)
at org.openqa.selenium.remote.RemoteWebDriver.execute(RemoteWebDriver.java:548)
at org.openqa.selenium.remote.RemoteWebDriver.get(RemoteWebDriver.java:276)
at may12.FirstTestNGClass.beforeTest(FirstTestNGClass.java:22)
... Removed 28 stack frames]]>
    </failure>
  </testcase> <!-- @BeforeTest beforeTest -->
  <testcase name="@BeforeTest beforeTest" time="0.0" classname="may12.NewT">
    <skipped/>
  </testcase> <!-- @BeforeTest beforeTest -->
  <testcase name="@BeforeTest setUp" time="0.0" classname="may12.SecondTestNgClass">
    <skipped/>
  </testcase> <!-- @BeforeTest setUp -->
  <testcase name="@AfterTest afterTest" time="0.0" classname="may12.FirstTestNGClass">
    <skipped/>
  </testcase> <!-- @AfterTest afterTest -->
  <testcase name="@AfterTest tearDown" time="0.0" classname="may12.NewT">
    <skipped/>
  </testcase> <!-- @AfterTest tearDown -->
  <testcase name="@AfterTest tearDown" time="0.0" classname="may12.SecondTestNgClass">
    <skipped/>
  </testcase> <!-- @AfterTest tearDown -->
  <testcase name="cBanking" time="0.0" classname="may12.FirstTestNGClass">
    <skipped/>
  </testcase> <!-- cBanking -->
  <testcase name="iBanking" time="0.0" classname="may12.FirstTestNGClass">
    <skipped/>
  </testcase> <!-- iBanking -->
  <testcase name="pBanking" time="0.0" classname="may12.FirstTestNGClass">
    <skipped/>
  </testcase> <!-- pBanking -->
  <testcase name="branches" time="0.0" classname="may12.SecondTestNgClass">
    <skipped/>
  </testcase> <!-- branches -->
  <testcase name="roles" time="0.0" classname="may12.SecondTestNgClass">
    <skipped/>
  </testcase> <!-- roles -->
  <testcase name="users" time="0.0" classname="may12.SecondTestNgClass">
    <skipped/>
  </testcase> <!-- users -->
  <testcase name="Admin" time="0.0" classname="may12.NewT">
    <skipped/>
  </testcase> <!-- Admin -->
  <testcase name="Dashboard" time="0.0" classname="may12.NewT">
    <skipped/>
  </testcase> <!-- Dashboard -->
  <testcase name="Leave" time="0.0" classname="may12.NewT">
    <skipped/>
  </testcase> <!-- Leave -->
  <testcase name="Performance" time="0.0" classname="may12.NewT">
    <skipped/>
  </testcase> <!-- Performance -->
  <testcase name="Pim" time="0.0" classname="may12.NewT">
    <skipped/>
  </testcase> <!-- Pim -->
  <testcase name="addcart" time="0.0" classname="may14.Addcart">
    <skipped/>
  </testcase> <!-- addcart -->
  <testcase name="Time" time="0.0" classname="may12.NewT">
    <skipped/>
  </testcase> <!-- Time -->
</testsuite> <!-- Report -->
